Selected word: DISKS 
Words: hello	disks	None	None	None	None	
Games played: 1
Win percentage:  100.00 
Games won in 1 attempt: 0 
Games won in 2 attempt: 1 
Games won in 3 attempt: 0 
Games won in 4 attempt: 0 
Games won in 5 attempt: 0 
Games won in 6 attempt: 0 
Selected word: SPARE 
Words: hello	spare	None	None	None	None	
Games played: 2
Win percentage:  100.00 
Games won in 1 attempt: 0 
Games won in 2 attempt: 2 
Games won in 3 attempt: 0 
Games won in 4 attempt: 0 
Games won in 5 attempt: 0 
Games won in 6 attempt: 0 
Selected word: KINGS 
Words: hello	kings	None	None	None	None	
Games played: 1
Win percentage:  100.00 
Games won in 1 attempt: 0 
Games won in 2 attempt: 1 
Games won in 3 attempt: 0 
Games won in 4 attempt: 0 
Games won in 5 attempt: 0 
Games won in 6 attempt: 0 
Selected word: QUILT 
Words: hello	quilt	None	None	None	None	
Games played: 1
Win percentage:  100.00 
Games won in 1 attempt: 0 
Games won in 2 attempt: 1 
Games won in 3 attempt: 0 
Games won in 4 attempt: 0 
Games won in 5 attempt: 0 
Games won in 6 attempt: 0 
Selected word: TIGHT 
Words: books	looks	tight	None	None	None	
Games played: 2
Win percentage:  100.00 
Games won in 1 attempt: 0 
Games won in 2 attempt: 1 
Games won in 3 attempt: 1 
Games won in 4 attempt: 0 
Games won in 5 attempt: 0 
Games won in 6 attempt: 0 
Selected word: TIMER 
Words: hello	books	looks	final	timer	None	
Games played: 1
Win percentage:  100.00 
Games won in 1 attempt: 0 
Games won in 2 attempt: 0 
Games won in 3 attempt: 0 
Games won in 4 attempt: 0 
Games won in 5 attempt: 1 
Games won in 6 attempt: 0 
Selected word: HONDA 
Words: hello	books	looks	final	timer	honda	
Games played: 2
Win percentage:  100.00 
Games won in 1 attempt: 0 
Games won in 2 attempt: 0 
Games won in 3 attempt: 0 
Games won in 4 attempt: 0 
Games won in 5 attempt: 1 
Games won in 6 attempt: 1 
Selected word: ESSEX 
Words: hello	books	looks	timer	final	honda	
Games played: 3
Win percentage:  66.67 
Games won in 1 attempt: 0 
Games won in 2 attempt: 0 
Games won in 3 attempt: 0 
Games won in 4 attempt: 0 
Games won in 5 attempt: 1 
Games won in 6 attempt: 1 
Selected word: VOICE 
Words: hello	looks	books	final	timer	voice	
Games played: 1
Win percentage:  100.00 
Games won in 1 attempt: 0 
Games won in 2 attempt: 0 
Games won in 3 attempt: 0 
Games won in 4 attempt: 0 
Games won in 5 attempt: 0 
Games won in 6 attempt: 1 
Selected word: ANGER 
Words: anger	None	None	None	None	None	
Games played: 2
Win percentage:  100.00 
Games won in 1 attempt: 1 
Games won in 2 attempt: 0 
Games won in 3 attempt: 0 
Games won in 4 attempt: 0 
Games won in 5 attempt: 0 
Games won in 6 attempt: 1 
Selected word: GUARD 
Words: hello	barry	table	books	looks	final	
Games played: 1
Win percentage:  0.00 
Games won in 1 attempt: 0 
Games won in 2 attempt: 0 
Games won in 3 attempt: 0 
Games won in 4 attempt: 0 
Games won in 5 attempt: 0 
Games won in 6 attempt: 0 
Selected word: USUAL 
Words: hello	final	barry	aaron	books	looks	
Games played: 1
Win percentage:  0.00 
Games won in 1 attempt: 0 
Games won in 2 attempt: 0 
Games won in 3 attempt: 0 
Games won in 4 attempt: 0 
Games won in 5 attempt: 0 
Games won in 6 attempt: 0 
Selected word: PROXY 
Words: proxy	None	None	None	None	None	
Games played: 1
Win percentage:  100.00 
Games won in 1 attempt: 1 
Games won in 2 attempt: 0 
Games won in 3 attempt: 0 
Games won in 4 attempt: 0 
Games won in 5 attempt: 0 
Games won in 6 attempt: 0 
Selected word: TRUNK 
Words: trunk	None	None	None	None	None	
Games played: 1
Win percentage:  100.00 
Games won in 1 attempt: 1 
Games won in 2 attempt: 0 
Games won in 3 attempt: 0 
Games won in 4 attempt: 0 
Games won in 5 attempt: 0 
Games won in 6 attempt: 0 
Selected word: JULIE 
Words: julie	None	None	None	None	None	
Games played: 1
Win percentage:  100.00 
Games won in 1 attempt: 1 
Games won in 2 attempt: 0 
Games won in 3 attempt: 0 
Games won in 4 attempt: 0 
Games won in 5 attempt: 0 
Games won in 6 attempt: 0 
Selected word: SPORT 
Words: hello	sport	None	None	None	None	
Games played: 1
Win percentage:  100.00 
Games won in 1 attempt: 0 
Games won in 2 attempt: 1 
Games won in 3 attempt: 0 
Games won in 4 attempt: 0 
Games won in 5 attempt: 0 
Games won in 6 attempt: 0 
Selected word: HEATH 
Words: final	barry	heath	None	None	None	
Games played: 2
Win percentage:  100.00 
Games won in 1 attempt: 0 
Games won in 2 attempt: 1 
Games won in 3 attempt: 1 
Games won in 4 attempt: 0 
Games won in 5 attempt: 0 
Games won in 6 attempt: 0 
Selected word: FUNNY 
Words: funny	None	None	None	None	None	
Games played: 1
Win percentage:  100.00 
Games won in 1 attempt: 1 
Games won in 2 attempt: 0 
Games won in 3 attempt: 0 
Games won in 4 attempt: 0 
Games won in 5 attempt: 0 
Games won in 6 attempt: 0 
Selected word: MILAN 
Words: hello	books	milan	None	None	None	
Games played: 1
Win percentage:  100.00 
Games won in 1 attempt: 0 
Games won in 2 attempt: 0 
Games won in 3 attempt: 1 
Games won in 4 attempt: 0 
Games won in 5 attempt: 0 
Games won in 6 attempt: 0 
Selected word: BUNNY 
Words: hello	sunny	bunny	None	None	None	
Games played: 1
Win percentage:  100.00 
Games won in 1 attempt: 0 
Games won in 2 attempt: 0 
Games won in 3 attempt: 1 
Games won in 4 attempt: 0 
Games won in 5 attempt: 0 
Games won in 6 attempt: 0 
Selected word: NANCY 
Words: nancy	None	None	None	None	None	
Games played: 1
Win percentage:  100.00 
Games won in 1 attempt: 1 
Games won in 2 attempt: 0 
Games won in 3 attempt: 0 
Games won in 4 attempt: 0 
Games won in 5 attempt: 0 
Games won in 6 attempt: 0 
Selected word: CHEAP 
Words: hello	cheap	None	None	None	None	
Games played: 1
Win percentage:  100.00 
Games won in 1 attempt: 0 
Games won in 2 attempt: 1 
Games won in 3 attempt: 0 
Games won in 4 attempt: 0 
Games won in 5 attempt: 0 
Games won in 6 attempt: 0 
Selected word: SHEER 
Words: hello	sheer	None	None	None	None	
Games played: 1
Win percentage:  100.00 
Games won in 1 attempt: 0 
Games won in 2 attempt: 1 
Games won in 3 attempt: 0 
Games won in 4 attempt: 0 
Games won in 5 attempt: 0 
Games won in 6 attempt: 0 
Selected word: BATHS 
Words: baths	None	None	None	None	None	
Games played: 1
Win percentage:  100.00 
Games won in 1 attempt: 1 
Games won in 2 attempt: 0 
Games won in 3 attempt: 0 
Games won in 4 attempt: 0 
Games won in 5 attempt: 0 
Games won in 6 attempt: 0 
Selected word: ASIDE 
Words: aside	None	None	None	None	None	
Games played: 1
Win percentage:  100.00 
Games won in 1 attempt: 1 
Games won in 2 attempt: 0 
Games won in 3 attempt: 0 
Games won in 4 attempt: 0 
Games won in 5 attempt: 0 
Games won in 6 attempt: 0 
Selected word: SHOWS 
Words: shows	None	None	None	None	None	
Games played: 1
Win percentage:  100.00 
Games won in 1 attempt: 1 
Games won in 2 attempt: 0 
Games won in 3 attempt: 0 
Games won in 4 attempt: 0 
Games won in 5 attempt: 0 
Games won in 6 attempt: 0 
Selected word: ERROR 
Words: error	None	None	None	None	None	
Games played: 2
Win percentage:  100.00 
Games won in 1 attempt: 2 
Games won in 2 attempt: 0 
Games won in 3 attempt: 0 
Games won in 4 attempt: 0 
Games won in 5 attempt: 0 
Games won in 6 attempt: 0 
Selected word: RULES 
Words: rules	None	None	None	None	None	
Games played: 3
Win percentage:  100.00 
Games won in 1 attempt: 3 
Games won in 2 attempt: 0 
Games won in 3 attempt: 0 
Games won in 4 attempt: 0 
Games won in 5 attempt: 0 
Games won in 6 attempt: 0 
Selected word: DRUGS 
Words: drugs	None	None	None	None	None	
Games played: 1
Win percentage:  100.00 
Games won in 1 attempt: 1 
Games won in 2 attempt: 0 
Games won in 3 attempt: 0 
Games won in 4 attempt: 0 
Games won in 5 attempt: 0 
Games won in 6 attempt: 0 
